<?xml version="1.0" encoding="UTF-8"?>
<testng-results skipped="0" failed="0" ignored="0" total="1" passed="1">
  <reporter-output>
  </reporter-output>
  <suite name="Default suite" duration-ms="37284" started-at="2017-09-07T07:48:09Z" finished-at="2017-09-07T07:48:47Z">
    <groups>
    </groups>
    <test name="Default test" duration-ms="37284" started-at="2017-09-07T07:48:09Z" finished-at="2017-09-07T07:48:47Z">
      <class name="com.asg.uitest.Demo.NewTest">
        <test-method status="PASS" signature="setUp()[pri:0, instance:com.asg.uitest.Demo.NewTest@5f2108b5]" name="setUp" is-config="true" duration-ms="6810" started-at="2017-09-07T15:48:09Z" finished-at="2017-09-07T15:48:16Z">
          <reporter-output>
          </reporter-output>
        </test-method> <!-- setUp -->
        <test-method status="PASS" signature="Test()[pri:0, instance:com.asg.uitest.Demo.NewTest@5f2108b5]" name="Test" duration-ms="29230" started-at="2017-09-07T15:48:16Z" finished-at="2017-09-07T15:48:45Z">
          <reporter-output>
          </reporter-output>
        </test-method> <!-- Test -->
        <test-method status="PASS" signature="tearDown()[pri:0, instance:com.asg.uitest.Demo.NewTest@5f2108b5]" name="tearDown" is-config="true" duration-ms="1225" started-at="2017-09-07T15:48:45Z" finished-at="2017-09-07T15:48:47Z">
          <reporter-output>
          </reporter-output>
        </test-method> <!-- tearDown -->
      </class> <!-- com.asg.uitest.Demo.NewTest -->
    </test> <!-- Default test -->
  </suite> <!-- Default suite -->
</testng-results>
