<?xml version="1.0" encoding="UTF-8"?>
<testsuite name="回归测试第一次"
           tests="2"
           failures="2"
           errors="0"
           skipped="0"
           time="22.695">
  <properties />
            <testcase name="tearDown" time="0.012" classname="com.asg.uitest.Demo.NewTest">
                <failure type="org.openqa.selenium.NoSuchSessionException"
                  message="A session is either terminated or not started (WARNING: The server did not provide any stacktrace information)
Command duration or timeout: 12 milliseconds
Build info: version: &apos;3.0.1&apos;, revision: &apos;1969d75&apos;, time: &apos;2016-10-18 09:49:13 -0700&apos;
System info: host: &apos;wangbingfeideMacBook-Pro.local&apos;, ip: &apos;192.168.22.194&apos;, os.name: &apos;Mac OS X&apos;, os.arch: &apos;x86_64&apos;, os.version: &apos;10.12.5&apos;, java.version: &apos;1.8.0_131&apos;
Driver info: io.appium.java_client.android.AndroidDriver
Capabilities [{appPackage=com.iShangGang.iShangGang, deviceScreenSize=1440x2560, networkConnectionEnabled=true, warnings={}, databaseEnabled=false, deviceName=192.168.56.101:5555, platform=LINUX, deviceUDID=192.168.56.101:5555, appActivity=com.asg.act.WelcomeAct, desired={appPackage=com.iShangGang.iShangGang, appActivity=com.asg.act.WelcomeAct, appium-version=1.6.5, platformVersion=5.0, automationName=Appium, sessionOverride=true, unicodeKeyboard=true, platformName=Android, deviceName=Clone - Samsung Galaxy S6 - 5.0.0 - API 21 - 1440x2560, resetKeyboard=false}, appium-version=1.6.5, platformVersion=5.0, webStorageEnabled=false, locationContextEnabled=false, automationName=Appium, takesScreenshot=true, javascriptEnabled=true, deviceModel=Clone - Samsung Galaxy S6 - 5.0.0 - API 21 - 1440x2560, sessionOverride=true, unicodeKeyboard=true, platformName=Android, deviceManufacturer=unknown, resetKeyboard=false}]
Session ID: 58931e8d-1abb-4707-83bb-1a3bc9c3ccbb"
              >
<![CDATA[org.openqa.selenium.NoSuchSessionException: A session is either terminated or not started (WARNING: The server did not provide any stacktrace information)
Command duration or timeout: 12 milliseconds
Build info: version: '3.0.1', revision: '1969d75', time: '2016-10-18 09:49:13 -0700'
System info: host: 'wangbingfeideMacBook-Pro.local', ip: '192.168.22.194', os.name: 'Mac OS X', os.arch: 'x86_64', os.version: '10.12.5', java.version: '1.8.0_131'
Driver info: io.appium.java_client.android.AndroidDriver
Capabilities [{appPackage=com.iShangGang.iShangGang, deviceScreenSize=1440x2560, networkConnectionEnabled=true, warnings={}, databaseEnabled=false, deviceName=192.168.56.101:5555, platform=LINUX, deviceUDID=192.168.56.101:5555, appActivity=com.asg.act.WelcomeAct, desired={appPackage=com.iShangGang.iShangGang, appActivity=com.asg.act.WelcomeAct, appium-version=1.6.5, platformVersion=5.0, automationName=Appium, sessionOverride=true, unicodeKeyboard=true, platformName=Android, deviceName=Clone - Samsung Galaxy S6 - 5.0.0 - API 21 - 1440x2560, resetKeyboard=false}, appium-version=1.6.5, platformVersion=5.0, webStorageEnabled=false, locationContextEnabled=false, automationName=Appium, takesScreenshot=true, javascriptEnabled=true, deviceModel=Clone - Samsung Galaxy S6 - 5.0.0 - API 21 - 1440x2560, sessionOverride=true, unicodeKeyboard=true, platformName=Android, deviceManufacturer=unknown, resetKeyboard=false}]
Session ID: 58931e8d-1abb-4707-83bb-1a3bc9c3ccbb
  sun.reflect.NativeConstructorAccessorImpl.newInstance0(Native Method)
  sun.reflect.NativeConstructorAccessorImpl.newInstance(NativeConstructorAccessorImpl.java:62)
  sun.reflect.DelegatingConstructorAccessorImpl.newInstance(DelegatingConstructorAccessorImpl.java:45)
  java.lang.reflect.Constructor.newInstance(Constructor.java:423)
  org.openqa.selenium.remote.ErrorHandler.createThrowable(ErrorHandler.java:216)
  org.openqa.selenium.remote.ErrorHandler.throwIfResponseFailed(ErrorHandler.java:168)
  org.openqa.selenium.remote.RemoteWebDriver.execute(RemoteWebDriver.java:635)
  io.appium.java_client.DefaultGenericMobileDriver.execute(DefaultGenericMobileDriver.java:40)
  io.appium.java_client.AppiumDriver.execute(AppiumDriver.java:235)
  org.openqa.selenium.remote.RemoteWebDriver.quit(RemoteWebDriver.java:497)
  com.asg.uitest.Demo.NewTest.tearDown(NewTest.java:42)
  sun.reflect.NativeMethodAccessorImpl.invoke0(Native Method)
  sun.reflect.NativeMethodAccessorImpl.invoke(NativeMethodAccessorImpl.java:62)
  sun.reflect.DelegatingMethodAccessorImpl.invoke(DelegatingMethodAccessorImpl.java:43)
  java.lang.reflect.Method.invoke(Method.java:498)
  org.testng.internal.MethodInvocationHelper.invokeMethod(MethodInvocationHelper.java:108)
  org.testng.internal.Invoker.invokeConfigurationMethod(Invoker.java:523)
  org.testng.internal.Invoker.invokeConfigurations(Invoker.java:224)
  org.testng.internal.Invoker.invokeConfigurations(Invoker.java:146)
  org.testng.internal.TestMethodWorker.invokeAfterClassMethods(TestMethodWorker.java:212)
  org.testng.internal.TestMethodWorker.run(TestMethodWorker.java:112)
  org.testng.TestRunner.privateRun(TestRunner.java:744)
  org.testng.TestRunner.run(TestRunner.java:602)
  org.testng.SuiteRunner.runTest(SuiteRunner.java:380)
  org.testng.SuiteRunner.runSequentially(SuiteRunner.java:375)
  org.testng.SuiteRunner.privateRun(SuiteRunner.java:340)
  org.testng.SuiteRunner.run(SuiteRunner.java:289)
  org.testng.SuiteRunnerWorker.runSuite(SuiteRunnerWorker.java:52)
  org.testng.SuiteRunnerWorker.run(SuiteRunnerWorker.java:86)
  org.testng.TestNG.runSuitesSequentially(TestNG.java:1301)
  org.testng.TestNG.runSuitesLocally(TestNG.java:1226)
  org.testng.TestNG.runSuites(TestNG.java:1144)
  org.testng.TestNG.run(TestNG.java:1115)
  org.apache.maven.surefire.testng.TestNGExecutor.run(TestNGExecutor.java:281)
  org.apache.maven.surefire.testng.TestNGXmlTestSuite.execute(TestNGXmlTestSuite.java:75)
  org.apache.maven.surefire.testng.TestNGProvider.invoke(TestNGProvider.java:121)
  org.apache.maven.surefire.booter.ForkedBooter.invokeProviderInSameClassLoader(ForkedBooter.java:290)
  org.apache.maven.surefire.booter.ForkedBooter.runSuitesInProcess(ForkedBooter.java:242)
  org.apache.maven.surefire.booter.ForkedBooter.main(ForkedBooter.java:121)
]]>
      </failure>

          </testcase>
            <testcase name="Test" time="22.683" classname="com.asg.uitest.Demo.NewTest">
                <failure type="org.openqa.selenium.WebDriverException"
                  message="An unknown server-side error occurred while processing the command. Original error: UiAUtomator shut down unexpectedly (WARNING: The server did not provide any stacktrace information)
Command duration or timeout: 1.58 seconds
Build info: version: &apos;3.0.1&apos;, revision: &apos;1969d75&apos;, time: &apos;2016-10-18 09:49:13 -0700&apos;
System info: host: &apos;wangbingfeideMacBook-Pro.local&apos;, ip: &apos;192.168.22.194&apos;, os.name: &apos;Mac OS X&apos;, os.arch: &apos;x86_64&apos;, os.version: &apos;10.12.5&apos;, java.version: &apos;1.8.0_131&apos;
Driver info: io.appium.java_client.android.AndroidDriver
Capabilities [{appPackage=com.iShangGang.iShangGang, deviceScreenSize=1440x2560, networkConnectionEnabled=true, warnings={}, databaseEnabled=false, deviceName=192.168.56.101:5555, platform=LINUX, deviceUDID=192.168.56.101:5555, appActivity=com.asg.act.WelcomeAct, desired={appPackage=com.iShangGang.iShangGang, appActivity=com.asg.act.WelcomeAct, appium-version=1.6.5, platformVersion=5.0, automationName=Appium, sessionOverride=true, unicodeKeyboard=true, platformName=Android, deviceName=Clone - Samsung Galaxy S6 - 5.0.0 - API 21 - 1440x2560, resetKeyboard=false}, appium-version=1.6.5, platformVersion=5.0, webStorageEnabled=false, locationContextEnabled=false, automationName=Appium, takesScreenshot=true, javascriptEnabled=true, deviceModel=Clone - Samsung Galaxy S6 - 5.0.0 - API 21 - 1440x2560, sessionOverride=true, unicodeKeyboard=true, platformName=Android, deviceManufacturer=unknown, resetKeyboard=false}]
Session ID: 58931e8d-1abb-4707-83bb-1a3bc9c3ccbb
*** Element info: {Using=id, value=com.iShangGang.iShangGang:id/guide_now}"
              >
<![CDATA[org.openqa.selenium.WebDriverException: An unknown server-side error occurred while processing the command. Original error: UiAUtomator shut down unexpectedly (WARNING: The server did not provide any stacktrace information)
Command duration or timeout: 1.58 seconds
Build info: version: '3.0.1', revision: '1969d75', time: '2016-10-18 09:49:13 -0700'
System info: host: 'wangbingfeideMacBook-Pro.local', ip: '192.168.22.194', os.name: 'Mac OS X', os.arch: 'x86_64', os.version: '10.12.5', java.version: '1.8.0_131'
Driver info: io.appium.java_client.android.AndroidDriver
Capabilities [{appPackage=com.iShangGang.iShangGang, deviceScreenSize=1440x2560, networkConnectionEnabled=true, warnings={}, databaseEnabled=false, deviceName=192.168.56.101:5555, platform=LINUX, deviceUDID=192.168.56.101:5555, appActivity=com.asg.act.WelcomeAct, desired={appPackage=com.iShangGang.iShangGang, appActivity=com.asg.act.WelcomeAct, appium-version=1.6.5, platformVersion=5.0, automationName=Appium, sessionOverride=true, unicodeKeyboard=true, platformName=Android, deviceName=Clone - Samsung Galaxy S6 - 5.0.0 - API 21 - 1440x2560, resetKeyboard=false}, appium-version=1.6.5, platformVersion=5.0, webStorageEnabled=false, locationContextEnabled=false, automationName=Appium, takesScreenshot=true, javascriptEnabled=true, deviceModel=Clone - Samsung Galaxy S6 - 5.0.0 - API 21 - 1440x2560, sessionOverride=true, unicodeKeyboard=true, platformName=Android, deviceManufacturer=unknown, resetKeyboard=false}]
Session ID: 58931e8d-1abb-4707-83bb-1a3bc9c3ccbb
*** Element info: {Using=id, value=com.iShangGang.iShangGang:id/guide_now}
  sun.reflect.NativeConstructorAccessorImpl.newInstance0(Native Method)
  sun.reflect.NativeConstructorAccessorImpl.newInstance(NativeConstructorAccessorImpl.java:62)
  sun.reflect.DelegatingConstructorAccessorImpl.newInstance(DelegatingConstructorAccessorImpl.java:45)
  java.lang.reflect.Constructor.newInstance(Constructor.java:423)
  org.openqa.selenium.remote.ErrorHandler.createThrowable(ErrorHandler.java:216)
  org.openqa.selenium.remote.ErrorHandler.throwIfResponseFailed(ErrorHandler.java:168)
  org.openqa.selenium.remote.RemoteWebDriver.execute(RemoteWebDriver.java:635)
  io.appium.java_client.DefaultGenericMobileDriver.execute(DefaultGenericMobileDriver.java:40)
  io.appium.java_client.AppiumDriver.execute(AppiumDriver.java:1)
  io.appium.java_client.android.AndroidDriver.execute(AndroidDriver.java:1)
  org.openqa.selenium.remote.RemoteWebDriver.findElement(RemoteWebDriver.java:368)
  io.appium.java_client.DefaultGenericMobileDriver.findElement(DefaultGenericMobileDriver.java:56)
  io.appium.java_client.AppiumDriver.findElement(AppiumDriver.java:1)
  io.appium.java_client.android.AndroidDriver.findElement(AndroidDriver.java:1)
  org.openqa.selenium.remote.RemoteWebDriver.findElementById(RemoteWebDriver.java:417)
  io.appium.java_client.DefaultGenericMobileDriver.findElementById(DefaultGenericMobileDriver.java:64)
  io.appium.java_client.AppiumDriver.findElementById(AppiumDriver.java:1)
  io.appium.java_client.android.AndroidDriver.findElementById(AndroidDriver.java:1)
  org.openqa.selenium.By$ById.findElement(By.java:218)
  org.openqa.selenium.remote.RemoteWebDriver.findElement(RemoteWebDriver.java:360)
  io.appium.java_client.DefaultGenericMobileDriver.findElement(DefaultGenericMobileDriver.java:52)
  io.appium.java_client.AppiumDriver.findElement(AppiumDriver.java:1)
  io.appium.java_client.android.AndroidDriver.findElement(AndroidDriver.java:1)
  com.asg.uitest.Demo.NewTest.androidTest(NewTest.java:115)
  com.asg.uitest.Demo.NewTest.Test(NewTest.java:48)
  sun.reflect.NativeMethodAccessorImpl.invoke0(Native Method)
  sun.reflect.NativeMethodAccessorImpl.invoke(NativeMethodAccessorImpl.java:62)
  sun.reflect.DelegatingMethodAccessorImpl.invoke(DelegatingMethodAccessorImpl.java:43)
  java.lang.reflect.Method.invoke(Method.java:498)
  org.testng.internal.MethodInvocationHelper.invokeMethod(MethodInvocationHelper.java:108)
  org.testng.internal.Invoker.invokeMethod(Invoker.java:661)
  org.testng.internal.Invoker.invokeTestMethod(Invoker.java:869)
  org.testng.internal.Invoker.invokeTestMethods(Invoker.java:1193)
  org.testng.internal.TestMethodWorker.invokeTestMethods(TestMethodWorker.java:126)
  org.testng.internal.TestMethodWorker.run(TestMethodWorker.java:109)
  org.testng.TestRunner.privateRun(TestRunner.java:744)
  org.testng.TestRunner.run(TestRunner.java:602)
  org.testng.SuiteRunner.runTest(SuiteRunner.java:380)
  org.testng.SuiteRunner.runSequentially(SuiteRunner.java:375)
  org.testng.SuiteRunner.privateRun(SuiteRunner.java:340)
  org.testng.SuiteRunner.run(SuiteRunner.java:289)
  org.testng.SuiteRunnerWorker.runSuite(SuiteRunnerWorker.java:52)
  org.testng.SuiteRunnerWorker.run(SuiteRunnerWorker.java:86)
  org.testng.TestNG.runSuitesSequentially(TestNG.java:1301)
  org.testng.TestNG.runSuitesLocally(TestNG.java:1226)
  org.testng.TestNG.runSuites(TestNG.java:1144)
  org.testng.TestNG.run(TestNG.java:1115)
  org.apache.maven.surefire.testng.TestNGExecutor.run(TestNGExecutor.java:281)
  org.apache.maven.surefire.testng.TestNGXmlTestSuite.execute(TestNGXmlTestSuite.java:75)
  org.apache.maven.surefire.testng.TestNGProvider.invoke(TestNGProvider.java:121)
  org.apache.maven.surefire.booter.ForkedBooter.invokeProviderInSameClassLoader(ForkedBooter.java:290)
  org.apache.maven.surefire.booter.ForkedBooter.runSuitesInProcess(ForkedBooter.java:242)
  org.apache.maven.surefire.booter.ForkedBooter.main(ForkedBooter.java:121)
]]>
      </failure>

          </testcase>
  
  
  
</testsuite>
